This is pdfTeX, Version 3.1415926-1.40.10 (TeX Live 2009/Debian) (format=pdflatex 2012.11.24)  15 DEC 2012 06:36
entering extended mode
 %&-line parsing enabled.
**report.tex
(./report.tex
LaTeX2e <2009/09/24>
Babel <v3.8l> and hyphenation patterns for english, usenglishmax, dumylang, noh
yphenation, loaded.
(/usr/share/texmf-texlive/tex/latex/base/article.cls
Document Class: article 2007/10/19 v1.4h Standard LaTeX document class
(/usr/share/texmf-texlive/tex/latex/base/size12.clo
File: size12.clo 2007/10/19 v1.4h Standard LaTeX file (size option)
)
\c@part=\count79
\c@section=\count80
\c@subsection=\count81
\c@subsubsection=\count82
\c@paragraph=\count83
\c@subparagraph=\count84
\c@figure=\count85
\c@table=\count86
\abovecaptionskip=\skip41
\belowcaptionskip=\skip42
\bibindent=\dimen102
)
(/usr/share/texmf-texlive/tex/latex/base/inputenc.sty
Package: inputenc 2008/03/30 v1.1d Input encoding file
\inpenc@prehook=\toks14
\inpenc@posthook=\toks15

(/usr/share/texmf-texlive/tex/latex/base/utf8.def
File: utf8.def 2008/04/05 v1.1m UTF-8 support for inputenc
Now handling font encoding OML ...
... no UTF-8 mapping file for font encoding OML
Now handling font encoding T1 ...
... processing UTF-8 mapping file for font encoding T1

(/usr/share/texmf-texlive/tex/latex/base/t1enc.dfu
File: t1enc.dfu 2008/04/05 v1.1m UTF-8 support for inputenc
   defining Unicode char U+00A1 (decimal 161)
   defining Unicode char U+00A3 (decimal 163)
   defining Unicode char U+00AB (decimal 171)
   defining Unicode char U+00BB (decimal 187)
   defining Unicode char U+00BF (decimal 191)
   defining Unicode char U+00C0 (decimal 192)
   defining Unicode char U+00C1 (decimal 193)
   defining Unicode char U+00C2 (decimal 194)
   defining Unicode char U+00C3 (decimal 195)
   defining Unicode char U+00C4 (decimal 196)
   defining Unicode char U+00C5 (decimal 197)
   defining Unicode char U+00C6 (decimal 198)
   defining Unicode char U+00C7 (decimal 199)
   defining Unicode char U+00C8 (decimal 200)
   defining Unicode char U+00C9 (decimal 201)
   defining Unicode char U+00CA (decimal 202)
   defining Unicode char U+00CB (decimal 203)
   defining Unicode char U+00CC (decimal 204)
   defining Unicode char U+00CD (decimal 205)
   defining Unicode char U+00CE (decimal 206)
   defining Unicode char U+00CF (decimal 207)
   defining Unicode char U+00D0 (decimal 208)
   defining Unicode char U+00D1 (decimal 209)
   defining Unicode char U+00D2 (decimal 210)
   defining Unicode char U+00D3 (decimal 211)
   defining Unicode char U+00D4 (decimal 212)
   defining Unicode char U+00D5 (decimal 213)
   defining Unicode char U+00D6 (decimal 214)
   defining Unicode char U+00D8 (decimal 216)
   defining Unicode char U+00D9 (decimal 217)
   defining Unicode char U+00DA (decimal 218)
   defining Unicode char U+00DB (decimal 219)
   defining Unicode char U+00DC (decimal 220)
   defining Unicode char U+00DD (decimal 221)
   defining Unicode char U+00DE (decimal 222)
   defining Unicode char U+00DF (decimal 223)
   defining Unicode char U+00E0 (decimal 224)
   defining Unicode char U+00E1 (decimal 225)
   defining Unicode char U+00E2 (decimal 226)
   defining Unicode char U+00E3 (decimal 227)
   defining Unicode char U+00E4 (decimal 228)
   defining Unicode char U+00E5 (decimal 229)
   defining Unicode char U+00E6 (decimal 230)
   defining Unicode char U+00E7 (decimal 231)
   defining Unicode char U+00E8 (decimal 232)
   defining Unicode char U+00E9 (decimal 233)
   defining Unicode char U+00EA (decimal 234)
   defining Unicode char U+00EB (decimal 235)
   defining Unicode char U+00EC (decimal 236)
   defining Unicode char U+00ED (decimal 237)
   defining Unicode char U+00EE (decimal 238)
   defining Unicode char U+00EF (decimal 239)
   defining Unicode char U+00F0 (decimal 240)
   defining Unicode char U+00F1 (decimal 241)
   defining Unicode char U+00F2 (decimal 242)
   defining Unicode char U+00F3 (decimal 243)
   defining Unicode char U+00F4 (decimal 244)
   defining Unicode char U+00F5 (decimal 245)
   defining Unicode char U+00F6 (decimal 246)
   defining Unicode char U+00F8 (decimal 248)
   defining Unicode char U+00F9 (decimal 249)
   defining Unicode char U+00FA (decimal 250)
   defining Unicode char U+00FB (decimal 251)
   defining Unicode char U+00FC (decimal 252)
   defining Unicode char U+00FD (decimal 253)
   defining Unicode char U+00FE (decimal 254)
   defining Unicode char U+00FF (decimal 255)
   defining Unicode char U+0102 (decimal 258)
   defining Unicode char U+0103 (decimal 259)
   defining Unicode char U+0104 (decimal 260)
   defining Unicode char U+0105 (decimal 261)
   defining Unicode char U+0106 (decimal 262)
   defining Unicode char U+0107 (decimal 263)
   defining Unicode char U+010C (decimal 268)
   defining Unicode char U+010D (decimal 269)
   defining Unicode char U+010E (decimal 270)
   defining Unicode char U+010F (decimal 271)
   defining Unicode char U+0110 (decimal 272)
   defining Unicode char U+0111 (decimal 273)
   defining Unicode char U+0118 (decimal 280)
   defining Unicode char U+0119 (decimal 281)
   defining Unicode char U+011A (decimal 282)
   defining Unicode char U+011B (decimal 283)
   defining Unicode char U+011E (decimal 286)
   defining Unicode char U+011F (decimal 287)
   defining Unicode char U+0130 (decimal 304)
   defining Unicode char U+0131 (decimal 305)
   defining Unicode char U+0132 (decimal 306)
   defining Unicode char U+0133 (decimal 307)
   defining Unicode char U+0139 (decimal 313)
   defining Unicode char U+013A (decimal 314)
   defining Unicode char U+013D (decimal 317)
   defining Unicode char U+013E (decimal 318)
   defining Unicode char U+0141 (decimal 321)
   defining Unicode char U+0142 (decimal 322)
   defining Unicode char U+0143 (decimal 323)
   defining Unicode char U+0144 (decimal 324)
   defining Unicode char U+0147 (decimal 327)
   defining Unicode char U+0148 (decimal 328)
   defining Unicode char U+014A (decimal 330)
   defining Unicode char U+014B (decimal 331)
   defining Unicode char U+0150 (decimal 336)
   defining Unicode char U+0151 (decimal 337)
   defining Unicode char U+0152 (decimal 338)
   defining Unicode char U+0153 (decimal 339)
   defining Unicode char U+0154 (decimal 340)
   defining Unicode char U+0155 (decimal 341)
   defining Unicode char U+0158 (decimal 344)
   defining Unicode char U+0159 (decimal 345)
   defining Unicode char U+015A (decimal 346)
   defining Unicode char U+015B (decimal 347)
   defining Unicode char U+015E (decimal 350)
   defining Unicode char U+015F (decimal 351)
   defining Unicode char U+0160 (decimal 352)
   defining Unicode char U+0161 (decimal 353)
   defining Unicode char U+0162 (decimal 354)
   defining Unicode char U+0163 (decimal 355)
   defining Unicode char U+0164 (decimal 356)
   defining Unicode char U+0165 (decimal 357)
   defining Unicode char U+016E (decimal 366)
   defining Unicode char U+016F (decimal 367)
   defining Unicode char U+0170 (decimal 368)
   defining Unicode char U+0171 (decimal 369)
   defining Unicode char U+0178 (decimal 376)
   defining Unicode char U+0179 (decimal 377)
   defining Unicode char U+017A (decimal 378)
   defining Unicode char U+017B (decimal 379)
   defining Unicode char U+017C (decimal 380)
   defining Unicode char U+017D (decimal 381)
   defining Unicode char U+017E (decimal 382)
   defining Unicode char U+200C (decimal 8204)
   defining Unicode char U+2013 (decimal 8211)
   defining Unicode char U+2014 (decimal 8212)
   defining Unicode char U+2018 (decimal 8216)
   defining Unicode char U+2019 (decimal 8217)
   defining Unicode char U+201A (decimal 8218)
   defining Unicode char U+201C (decimal 8220)
   defining Unicode char U+201D (decimal 8221)
   defining Unicode char U+201E (decimal 8222)
   defining Unicode char U+2030 (decimal 8240)
   defining Unicode char U+2031 (decimal 8241)
   defining Unicode char U+2039 (decimal 8249)
   defining Unicode char U+203A (decimal 8250)
   defining Unicode char U+2423 (decimal 9251)
)
Now handling font encoding OT1 ...
... processing UTF-8 mapping file for font encoding OT1

(/usr/share/texmf-texlive/tex/latex/base/ot1enc.dfu
File: ot1enc.dfu 2008/04/05 v1.1m UTF-8 support for inputenc
   defining Unicode char U+00A1 (decimal 161)
   defining Unicode char U+00A3 (decimal 163)
   defining Unicode char U+00B8 (decimal 184)
   defining Unicode char U+00BF (decimal 191)
   defining Unicode char U+00C5 (decimal 197)
   defining Unicode char U+00C6 (decimal 198)
   defining Unicode char U+00D8 (decimal 216)
   defining Unicode char U+00DF (decimal 223)
   defining Unicode char U+00E6 (decimal 230)
   defining Unicode char U+00EC (decimal 236)
   defining Unicode char U+00ED (decimal 237)
   defining Unicode char U+00EE (decimal 238)
   defining Unicode char U+00EF (decimal 239)
   defining Unicode char U+00F8 (decimal 248)
   defining Unicode char U+0131 (decimal 305)
   defining Unicode char U+0141 (decimal 321)
   defining Unicode char U+0142 (decimal 322)
   defining Unicode char U+0152 (decimal 338)
   defining Unicode char U+0153 (decimal 339)
   defining Unicode char U+2013 (decimal 8211)
   defining Unicode char U+2014 (decimal 8212)
   defining Unicode char U+2018 (decimal 8216)
   defining Unicode char U+2019 (decimal 8217)
   defining Unicode char U+201C (decimal 8220)
   defining Unicode char U+201D (decimal 8221)
)
Now handling font encoding OMS ...
... processing UTF-8 mapping file for font encoding OMS

(/usr/share/texmf-texlive/tex/latex/base/omsenc.dfu
File: omsenc.dfu 2008/04/05 v1.1m UTF-8 support for inputenc
   defining Unicode char U+00A7 (decimal 167)
   defining Unicode char U+00B6 (decimal 182)
   defining Unicode char U+00B7 (decimal 183)
   defining Unicode char U+2020 (decimal 8224)
   defining Unicode char U+2021 (decimal 8225)
   defining Unicode char U+2022 (decimal 8226)
)
Now handling font encoding OMX ...
... no UTF-8 mapping file for font encoding OMX
Now handling font encoding U ...
... no UTF-8 mapping file for font encoding U
   defining Unicode char U+00A9 (decimal 169)
   defining Unicode char U+00AA (decimal 170)
   defining Unicode char U+00AE (decimal 174)
   defining Unicode char U+00BA (decimal 186)
   defining Unicode char U+02C6 (decimal 710)
   defining Unicode char U+02DC (decimal 732)
   defining Unicode char U+200C (decimal 8204)
   defining Unicode char U+2026 (decimal 8230)
   defining Unicode char U+2122 (decimal 8482)
   defining Unicode char U+2423 (decimal 9251)
))
(/usr/share/texmf-texlive/tex/latex/base/fontenc.sty
Package: fontenc 2005/09/27 v1.99g Standard LaTeX package

(/usr/share/texmf-texlive/tex/latex/base/t1enc.def
File: t1enc.def 2005/09/27 v1.99g Standard LaTeX file
LaTeX Font Info:    Redeclaring font encoding T1 on input line 43.
))
(/usr/share/texmf-texlive/tex/latex/tools/verbatim.sty
Package: verbatim 2003/08/22 v1.5q LaTeX2e package for verbatim enhancements
\every@verbatim=\toks16
\verbatim@line=\toks17
\verbatim@in@stream=\read1
)
(/usr/share/texmf-texlive/tex/latex/graphics/graphicx.sty
Package: graphicx 1999/02/16 v1.0f Enhanced LaTeX Graphics (DPC,SPQR)

(/usr/share/texmf-texlive/tex/latex/graphics/keyval.sty
Package: keyval 1999/03/16 v1.13 key=value parser (DPC)
\KV@toks@=\toks18
)
(/usr/share/texmf-texlive/tex/latex/graphics/graphics.sty
Package: graphics 2009/02/05 v1.0o Standard LaTeX Graphics (DPC,SPQR)

(/usr/share/texmf-texlive/tex/latex/graphics/trig.sty
Package: trig 1999/03/16 v1.09 sin cos tan (DPC)
)
(/etc/texmf/tex/latex/config/graphics.cfg
File: graphics.cfg 2009/08/28 v1.8 graphics configuration of TeX Live
)
Package graphics Info: Driver file: pdftex.def on input line 91.

(/usr/share/texmf-texlive/tex/latex/pdftex-def/pdftex.def
File: pdftex.def 2010/03/12 v0.04p Graphics/color for pdfTeX
\Gread@gobject=\count87
))
\Gin@req@height=\dimen103
\Gin@req@width=\dimen104
)
(/usr/share/texmf-texlive/tex/latex/setspace/setspace.sty
Package: setspace 2000/12/01 6.7 Contributed and Supported LaTeX2e package

Package: `setspace' 6.7 <2000/12/01>
) (/usr/share/texmf-texlive/tex/latex/listings/listings.sty
\lst@mode=\count88
\lst@gtempboxa=\box26
\lst@token=\toks19
\lst@length=\count89
\lst@currlwidth=\dimen105
\lst@column=\count90
\lst@pos=\count91
\lst@lostspace=\dimen106
\lst@width=\dimen107
\lst@newlines=\count92
\lst@lineno=\count93
\lst@maxwidth=\dimen108

(/usr/share/texmf-texlive/tex/latex/listings/lstmisc.sty
File: lstmisc.sty 2007/02/22 1.4 (Carsten Heinz)
\c@lstnumber=\count94
\lst@skipnumbers=\count95
\lst@framebox=\box27
)
(/usr/share/texmf-texlive/tex/latex/listings/listings.cfg
File: listings.cfg 2007/02/22 1.4 listings configuration
))
Package: listings 2007/02/22 1.4 (Carsten Heinz)

(/usr/share/texmf-texlive/tex/latex/anysize/anysize.sty
Package: anysize 1994/08/13 setting margin sizes

document style option `anysize' loaded
Michael Salzenberg, Thomas Esser, Dirk Hillbrecht
Version 1.0, Aug 13, 1994
\@Leftmargin=\dimen109
\@Rightmargin=\dimen110
\@Topmargin=\dimen111
\@Bottommargin=\dimen112
) (/usr/share/texmf-texlive/tex/latex/hyperref/hyperref.sty
Package: hyperref 2009/10/09 v6.79a Hypertext links for LaTeX

(/usr/share/texmf-texlive/tex/generic/oberdiek/ifpdf.sty
Package: ifpdf 2009/04/10 v2.0 Provides the ifpdf switch (HO)
Package ifpdf Info: pdfTeX in pdf mode detected.
)
(/usr/share/texmf-texlive/tex/generic/oberdiek/ifvtex.sty
Package: ifvtex 2008/11/04 v1.4 Switches for detecting VTeX and its modes (HO)
Package ifvtex Info: VTeX not detected.
)
(/usr/share/texmf-texlive/tex/generic/ifxetex/ifxetex.sty
Package: ifxetex 2009/01/23 v0.5 Provides ifxetex conditional
)
(/usr/share/texmf-texlive/tex/latex/oberdiek/hycolor.sty
Package: hycolor 2009/10/02 v1.5 Code for color options of hyperref/bookmark (H
O)

(/usr/share/texmf-texlive/tex/latex/oberdiek/xcolor-patch.sty
Package: xcolor-patch 2009/10/02 xcolor patch
))
\@linkdim=\dimen113
\Hy@linkcounter=\count96
\Hy@pagecounter=\count97

(/usr/share/texmf-texlive/tex/latex/hyperref/pd1enc.def
File: pd1enc.def 2009/10/09 v6.79a Hyperref: PDFDocEncoding definition (HO)
Now handling font encoding PD1 ...
... no UTF-8 mapping file for font encoding PD1
)
(/usr/share/texmf-texlive/tex/generic/oberdiek/etexcmds.sty
Package: etexcmds 2007/12/12 v1.2 Prefix for e-TeX command names (HO)

(/usr/share/texmf-texlive/tex/generic/oberdiek/infwarerr.sty
Package: infwarerr 2007/09/09 v1.2 Providing info/warning/message (HO)
)
Package etexcmds Info: Could not find \expanded.
(etexcmds)             That can mean that you are not using pdfTeX 1.50 or
(etexcmds)             that some package has redefined \expanded.
(etexcmds)             In the latter case, load this package earlier.
)
(/usr/share/texmf-texlive/tex/latex/latexconfig/hyperref.cfg
File: hyperref.cfg 2002/06/06 v1.2 hyperref configuration of TeXLive
)
(/usr/share/texmf-texlive/tex/latex/oberdiek/kvoptions.sty
Package: kvoptions 2009/08/13 v3.4 Keyval support for LaTeX options (HO)

(/usr/share/texmf-texlive/tex/generic/oberdiek/kvsetkeys.sty
Package: kvsetkeys 2009/07/30 v1.5 Key value parser with default handler suppor
t (HO)
))
Package hyperref Info: Hyper figures OFF on input line 2975.
Package hyperref Info: Link nesting OFF on input line 2980.
Package hyperref Info: Hyper index ON on input line 2983.
Package hyperref Info: Plain pages OFF on input line 2990.
Package hyperref Info: Backreferencing OFF on input line 2995.

Implicit mode ON; LaTeX internals redefined
Package hyperref Info: Bookmarks ON on input line 3191.
(/usr/share/texmf-texlive/tex/latex/ltxmisc/url.sty
\Urlmuskip=\muskip10
Package: url 2006/04/12  ver 3.3  Verb mode for urls, etc.
)
LaTeX Info: Redefining \url on input line 3428.

(/usr/share/texmf-texlive/tex/generic/oberdiek/bitset.sty
Package: bitset 2007/09/28 v1.0 Data type bit set (HO)

(/usr/share/texmf-texlive/tex/generic/oberdiek/intcalc.sty
Package: intcalc 2007/09/27 v1.1 Expandable integer calculations (HO)
)
(/usr/share/texmf-texlive/tex/generic/oberdiek/bigintcalc.sty
Package: bigintcalc 2007/11/11 v1.1 Expandable big integer calculations (HO)

(/usr/share/texmf-texlive/tex/generic/oberdiek/pdftexcmds.sty
Package: pdftexcmds 2009/09/23 v0.6 LuaTeX support for pdfTeX utility functions
 (HO)

(/usr/share/texmf-texlive/tex/generic/oberdiek/ifluatex.sty
Package: ifluatex 2009/04/17 v1.2 Provides the ifluatex switch (HO)
Package ifluatex Info: LuaTeX not detected.
)
(/usr/share/texmf-texlive/tex/generic/oberdiek/ltxcmds.sty
Package: ltxcmds 2009/08/05 v1.0 Some LaTeX kernel commands for general use (HO
)
)
Package pdftexcmds Info: LuaTeX not detected.
Package pdftexcmds Info: \pdf@primitive is available.
Package pdftexcmds Info: \pdf@ifprimitive is available.
)))
\Fld@menulength=\count98
\Field@Width=\dimen114
\Fld@charsize=\dimen115
\Field@toks=\toks20
Package hyperref Info: Hyper figures OFF on input line 4377.
Package hyperref Info: Link nesting OFF on input line 4382.
Package hyperref Info: Hyper index ON on input line 4385.
Package hyperref Info: backreferencing OFF on input line 4392.
Package hyperref Info: Link coloring OFF on input line 4397.
Package hyperref Info: Link coloring with OCG OFF on input line 4402.
Package hyperref Info: PDF/A mode OFF on input line 4407.

(/usr/share/texmf-texlive/tex/generic/oberdiek/atbegshi.sty
Package: atbegshi 2008/07/31 v1.9 At begin shipout hook (HO)
)
\Hy@abspage=\count99
\c@Item=\count100
\c@Hfootnote=\count101
)
*hyperref using default driver hpdftex*
(/usr/share/texmf-texlive/tex/latex/hyperref/hpdftex.def
File: hpdftex.def 2009/10/09 v6.79a Hyperref driver for pdfTeX
\Fld@listcount=\count102
) (./report.aux)
\openout1 = `report.aux'.

LaTeX Font Info:    Checking defaults for OML/cmm/m/it on input line 34.
LaTeX Font Info:    ... okay on input line 34.
LaTeX Font Info:    Checking defaults for T1/cmr/m/n on input line 34.
LaTeX Font Info:    ... okay on input line 34.
LaTeX Font Info:    Checking defaults for OT1/cmr/m/n on input line 34.
LaTeX Font Info:    ... okay on input line 34.
LaTeX Font Info:    Checking defaults for OMS/cmsy/m/n on input line 34.
LaTeX Font Info:    ... okay on input line 34.
LaTeX Font Info:    Checking defaults for OMX/cmex/m/n on input line 34.
LaTeX Font Info:    ... okay on input line 34.
LaTeX Font Info:    Checking defaults for U/cmr/m/n on input line 34.
LaTeX Font Info:    ... okay on input line 34.
LaTeX Font Info:    Checking defaults for PD1/pdf/m/n on input line 34.
LaTeX Font Info:    ... okay on input line 34.

(/usr/share/texmf-texlive/tex/context/base/supp-pdf.mkii
[Loading MPS to PDF converter (version 2006.09.02).]
\scratchcounter=\count103
\scratchdimen=\dimen116
\scratchbox=\box28
\nofMPsegments=\count104
\nofMParguments=\count105
\everyMPshowfont=\toks21
\MPscratchCnt=\count106
\MPscratchDim=\dimen117
\MPnumerator=\count107
\everyMPtoPDFconversion=\toks22
)
\c@lstlisting=\count108
Package hyperref Info: Link coloring OFF on input line 34.
 (/usr/share/texmf-texlive/tex/latex/hyperref/nameref.sty
Package: nameref 2007/05/29 v2.31 Cross-referencing by name of section

(/usr/share/texmf-texlive/tex/latex/oberdiek/refcount.sty
Package: refcount 2008/08/11 v3.1 Data extraction from references (HO)
)
\c@section@level=\count109
)
LaTeX Info: Redefining \ref on input line 34.
LaTeX Info: Redefining \pageref on input line 34.
 (./report.out)
(./report.out)
\@outlinefile=\write3
\openout3 = `report.out'.

\AtBeginShipoutBox=\box29
LaTeX Font Info:    External font `cmex10' loaded for size
(Font)              <14.4> on input line 36.
LaTeX Font Info:    External font `cmex10' loaded for size
(Font)              <7> on input line 36.
LaTeX Font Info:    Try loading font information for T1+cmtt on input line 36.
 (/usr/share/texmf-texlive/tex/latex/base/t1cmtt.fd
File: t1cmtt.fd 1999/05/25 v2.5h Standard LaTeX font definitions
)
<cover.jpg, id=155, 500.87125pt x 338.26375pt>
File: cover.jpg Graphic file (type jpg)
 <use cover.jpg>
Overfull \hbox (28.84079pt too wide) in paragraph at lines 38--39
[][] 
 []

[1

{/var/lib/texmf/fonts/map/pdftex/updmap/pdftex.map} <./cover.jpg>]
(./report.toc
LaTeX Font Info:    External font `cmex10' loaded for size
(Font)              <12> on input line 3.
LaTeX Font Info:    External font `cmex10' loaded for size
(Font)              <8> on input line 3.
LaTeX Font Info:    External font `cmex10' loaded for size
(Font)              <6> on input line 3.
 [2

])
\tf@toc=\write4
\openout4 = `report.toc'.

 [3] [4

] [5

] [6]
LaTeX Font Info:    Try loading font information for OMS+cmr on input line 91.

(/usr/share/texmf-texlive/tex/latex/base/omscmr.fd
File: omscmr.fd 1999/05/25 v2.5h Standard LaTeX font definitions
)
LaTeX Font Info:    Font shape `OMS/cmr/m/n' in size <12> not available
(Font)              Font shape `OMS/cmsy/m/n' tried instead on input line 91.
 [7

] [8]
Overfull \hbox (0.99004pt too wide) in paragraph at lines 124--125
[]\T1/cmr/bx/n/12 Ficheiros\T1/cmr/m/n/12 : o uti-lizador pode par-til-har fich
eiros com os out-ros uti-lizadores
 []

[9] [10] <er.png, id=246, 770.88pt x 556.0775pt>
File: er.png Graphic file (type png)
 <use er.png>

LaTeX Warning: `h' float specifier changed to `ht'.

<physical.png, id=247, 674.52pt x 496.85625pt>
File: physical.png Graphic file (type png)
 <use physical.png>

LaTeX Warning: `h' float specifier changed to `ht'.

[11

] [12 <./er.png (PNG copy)> <./physical.png (PNG copy)>] [13

] [14

] [15

]
[16

] [17] [18] [19

] <arch.png, id=290, 603.75563pt x 616.55344pt>
File: arch.png Graphic file (type png)

<use arch.png>
Overfull \hbox (17.97687pt too wide) in paragraph at lines 292--293
[][] 
 []

[20

 <./arch.png>]
Underfull \hbox (badness 1077) in paragraph at lines 315--315
[]\T1/cmr/m/n/12 Criar uma men-sagem de-
 []


Overfull \hbox (51.0102pt too wide) in paragraph at lines 300--317
 [] 
 []

[21

]
Overfull \hbox (51.0102pt too wide) in paragraph at lines 320--337
 [] 
 []

[22

]
Overfull \hbox (51.01018pt too wide) in paragraph at lines 342--361
 [] 
 []

[23

] [24

]
Overfull \hbox (9.11191pt too wide) in paragraph at lines 374--374
[]\T1/cmtt/m/n/12 /*===========================================================
===*/[] 
 []


Overfull \hbox (9.11191pt too wide) in paragraph at lines 375--375
[]\T1/cmtt/m/n/12 /* DBMS name:      PostgreSQL 8                              
   */[] 
 []


Overfull \hbox (9.11191pt too wide) in paragraph at lines 376--376
[]\T1/cmtt/m/n/12 /* Created on:     11/6/2012 5:21:26 PM                      
   */[] 
 []


Overfull \hbox (9.11191pt too wide) in paragraph at lines 377--377
[]\T1/cmtt/m/n/12 /*===========================================================
===*/[] 
 []


Overfull \hbox (9.11191pt too wide) in paragraph at lines 379--379
[]\T1/cmtt/m/n/12 /*===========================================================
===*/[] 
 []


Overfull \hbox (9.11191pt too wide) in paragraph at lines 380--380
[]\T1/cmtt/m/n/12 /* Table: ATTACH                                             
   */[] 
 []


Overfull \hbox (9.11191pt too wide) in paragraph at lines 381--381
[]\T1/cmtt/m/n/12 /*===========================================================
===*/[] 
 []


Overfull \hbox (9.11191pt too wide) in paragraph at lines 389--389
[]\T1/cmtt/m/n/12 /*===========================================================
===*/[] 
 []


Overfull \hbox (9.11191pt too wide) in paragraph at lines 390--390
[]\T1/cmtt/m/n/12 /* Index: ATTACH_PK                                          
   */[] 
 []


Overfull \hbox (9.11191pt too wide) in paragraph at lines 391--391
[]\T1/cmtt/m/n/12 /*===========================================================
===*/[] 
 []

[25

]
Overfull \hbox (9.11191pt too wide) in paragraph at lines 398--398
[]\T1/cmtt/m/n/12 /*===========================================================
===*/[] 
 []


Overfull \hbox (9.11191pt too wide) in paragraph at lines 399--399
[]\T1/cmtt/m/n/12 /* Table: COMMENT                                            
   */[] 
 []


Overfull \hbox (9.11191pt too wide) in paragraph at lines 400--400
[]\T1/cmtt/m/n/12 /*===========================================================
===*/[] 
 []


Overfull \hbox (9.11191pt too wide) in paragraph at lines 410--410
[]\T1/cmtt/m/n/12 /*===========================================================
===*/[] 
 []


Overfull \hbox (9.11191pt too wide) in paragraph at lines 411--411
[]\T1/cmtt/m/n/12 /* Index: POSTCOMMENT_PK                                     
   */[] 
 []


Overfull \hbox (9.11191pt too wide) in paragraph at lines 412--412
[]\T1/cmtt/m/n/12 /*===========================================================
===*/[] 
 []


Overfull \hbox (9.11191pt too wide) in paragraph at lines 417--417
[]\T1/cmtt/m/n/12 /*===========================================================
===*/[] 
 []


Overfull \hbox (9.11191pt too wide) in paragraph at lines 418--418
[]\T1/cmtt/m/n/12 /* Index: CONTAINS_FK                                        
   */[] 
 []


Overfull \hbox (9.11191pt too wide) in paragraph at lines 419--419
[]\T1/cmtt/m/n/12 /*===========================================================
===*/[] 
 []

[26

]
Overfull \hbox (9.11191pt too wide) in paragraph at lines 426--426
[]\T1/cmtt/m/n/12 /*===========================================================
===*/[] 
 []


Overfull \hbox (9.11191pt too wide) in paragraph at lines 427--427
[]\T1/cmtt/m/n/12 /* Table: CHATROOM                                           
   */[] 
 []


Overfull \hbox (9.11191pt too wide) in paragraph at lines 428--428
[]\T1/cmtt/m/n/12 /*===========================================================
===*/[] 
 []


Overfull \hbox (64.67334pt too wide) in paragraph at lines 437--437
[]   \T1/cmtt/m/n/12 constraint subject_type CHECK (SUBJECT IN ('economia','mun
do','cultura',[] 
 []


Overfull \hbox (9.11191pt too wide) in paragraph at lines 441--441
[]\T1/cmtt/m/n/12 /*===========================================================
===*/[] 
 []


Overfull \hbox (9.11191pt too wide) in paragraph at lines 442--442
[]\T1/cmtt/m/n/12 /* Index: CHATROOM_PK                                        
   */[] 
 []


Overfull \hbox (9.11191pt too wide) in paragraph at lines 443--443
[]\T1/cmtt/m/n/12 /*===========================================================
===*/[] 
 []


Overfull \hbox (9.11191pt too wide) in paragraph at lines 448--448
[]\T1/cmtt/m/n/12 /*===========================================================
===*/[] 
 []


Overfull \hbox (9.11191pt too wide) in paragraph at lines 449--449
[]\T1/cmtt/m/n/12 /* Index: OWNS_FK                                            
   */[] 
 []


Overfull \hbox (9.11191pt too wide) in paragraph at lines 450--450
[]\T1/cmtt/m/n/12 /*===========================================================
===*/[] 
 []

[27

]
Overfull \hbox (9.11191pt too wide) in paragraph at lines 457--457
[]\T1/cmtt/m/n/12 /*===========================================================
===*/[] 
 []


Overfull \hbox (9.11191pt too wide) in paragraph at lines 458--458
[]\T1/cmtt/m/n/12 /* Table: CONNECTION                                         
   */[] 
 []


Overfull \hbox (9.11191pt too wide) in paragraph at lines 459--459
[]\T1/cmtt/m/n/12 /*===========================================================
===*/[] 
 []


Overfull \hbox (9.11191pt too wide) in paragraph at lines 468--468
[]\T1/cmtt/m/n/12 /*===========================================================
===*/[] 
 []


Overfull \hbox (9.11191pt too wide) in paragraph at lines 469--469
[]\T1/cmtt/m/n/12 /* Index: CONNECTION_PK                                      
   */[] 
 []


Overfull \hbox (9.11191pt too wide) in paragraph at lines 470--470
[]\T1/cmtt/m/n/12 /*===========================================================
===*/[] 
 []


Overfull \hbox (9.11191pt too wide) in paragraph at lines 476--476
[]\T1/cmtt/m/n/12 /*===========================================================
===*/[] 
 []


Overfull \hbox (9.11191pt too wide) in paragraph at lines 477--477
[]\T1/cmtt/m/n/12 /* Index: LINKS_FK                                           
   */[] 
 []


Overfull \hbox (9.11191pt too wide) in paragraph at lines 478--478
[]\T1/cmtt/m/n/12 /*===========================================================
===*/[] 
 []


Overfull \hbox (9.11191pt too wide) in paragraph at lines 483--483
[]\T1/cmtt/m/n/12 /*===========================================================
===*/[] 
 []


Overfull \hbox (9.11191pt too wide) in paragraph at lines 484--484
[]\T1/cmtt/m/n/12 /* Index: HAS_FK                                             
   */[] 
 []


Overfull \hbox (9.11191pt too wide) in paragraph at lines 485--485
[]\T1/cmtt/m/n/12 /*===========================================================
===*/[] 
 []

[28

]
Overfull \hbox (9.11191pt too wide) in paragraph at lines 492--492
[]\T1/cmtt/m/n/12 /*===========================================================
===*/[] 
 []


Overfull \hbox (9.11191pt too wide) in paragraph at lines 493--493
[]\T1/cmtt/m/n/12 /* Table: MESSAGE                                            
   */[] 
 []


Overfull \hbox (9.11191pt too wide) in paragraph at lines 494--494
[]\T1/cmtt/m/n/12 /*===========================================================
===*/[] 
 []


Overfull \hbox (33.80588pt too wide) in paragraph at lines 506--506
[]   \T1/cmtt/m/n/12 constraint message_type CHECK (type IN ('public','private'
,'post'))[] 
 []


Overfull \hbox (9.11191pt too wide) in paragraph at lines 509--509
[]\T1/cmtt/m/n/12 /*===========================================================
===*/[] 
 []


Overfull \hbox (9.11191pt too wide) in paragraph at lines 510--510
[]\T1/cmtt/m/n/12 /* Index: MESSAGE_PK                                         
   */[] 
 []


Overfull \hbox (9.11191pt too wide) in paragraph at lines 511--511
[]\T1/cmtt/m/n/12 /*===========================================================
===*/[] 
 []

[29

]
Overfull \hbox (9.11191pt too wide) in paragraph at lines 518--518
[]\T1/cmtt/m/n/12 /*===========================================================
===*/[] 
 []


Overfull \hbox (2.93842pt too wide) in paragraph at lines 519--519
[]\T1/cmtt/m/n/12 /* Table: USERS                                              
  */[] 
 []


Overfull \hbox (9.11191pt too wide) in paragraph at lines 520--520
[]\T1/cmtt/m/n/12 /*===========================================================
===*/[] 
 []


Overfull \hbox (9.11191pt too wide) in paragraph at lines 538--538
[]\T1/cmtt/m/n/12 /*===========================================================
===*/[] 
 []


Overfull \hbox (9.11191pt too wide) in paragraph at lines 539--539
[]\T1/cmtt/m/n/12 /* Index: USER_PK                                            
   */[] 
 []


Overfull \hbox (9.11191pt too wide) in paragraph at lines 540--540
[]\T1/cmtt/m/n/12 /*===========================================================
===*/[] 
 []


Overfull \hbox (9.11191pt too wide) in paragraph at lines 545--545
[]\T1/cmtt/m/n/12 /*===========================================================
===*/[] 
 []


Overfull \hbox (9.11191pt too wide) in paragraph at lines 546--546
[]\T1/cmtt/m/n/12 /* Index: EMAIL                                              
   */[] 
 []


Overfull \hbox (9.11191pt too wide) in paragraph at lines 547--547
[]\T1/cmtt/m/n/12 /*===========================================================
===*/[] 
 []

[30

]
Overfull \hbox (9.11191pt too wide) in paragraph at lines 554--554
[]\T1/cmtt/m/n/12 /*===========================================================
===*/[] 
 []


Overfull \hbox (9.11191pt too wide) in paragraph at lines 555--555
[]\T1/cmtt/m/n/12 /* Table: VOTE                                               
   */[] 
 []


Overfull \hbox (9.11191pt too wide) in paragraph at lines 556--556
[]\T1/cmtt/m/n/12 /*===========================================================
===*/[] 
 []


Overfull \hbox (9.11191pt too wide) in paragraph at lines 565--565
[]\T1/cmtt/m/n/12 /*===========================================================
===*/[] 
 []


Overfull \hbox (9.11191pt too wide) in paragraph at lines 566--566
[]\T1/cmtt/m/n/12 /* Index: VOTE_PK                                            
   */[] 
 []


Overfull \hbox (9.11191pt too wide) in paragraph at lines 567--567
[]\T1/cmtt/m/n/12 /*===========================================================
===*/[] 
 []


Overfull \hbox (9.11191pt too wide) in paragraph at lines 573--573
[]\T1/cmtt/m/n/12 /*===========================================================
===*/[] 
 []


Overfull \hbox (9.11191pt too wide) in paragraph at lines 574--574
[]\T1/cmtt/m/n/12 /* Index: TO_FK                                              
   */[] 
 []


Overfull \hbox (9.11191pt too wide) in paragraph at lines 575--575
[]\T1/cmtt/m/n/12 /*===========================================================
===*/[] 
 []


Overfull \hbox (9.11191pt too wide) in paragraph at lines 580--580
[]\T1/cmtt/m/n/12 /*===========================================================
===*/[] 
 []


Overfull \hbox (9.11191pt too wide) in paragraph at lines 581--581
[]\T1/cmtt/m/n/12 /* Index: GIVES_FK                                           
   */[] 
 []


Overfull \hbox (9.11191pt too wide) in paragraph at lines 582--582
[]\T1/cmtt/m/n/12 /*===========================================================
===*/[] 
 []

[31

]
Overfull \hbox (21.4589pt too wide) in paragraph at lines 590--590
[]   \T1/cmtt/m/n/12 add constraint FK_ATTACH_CONTAINS_MESSAGE foreign key (MES
SAGEID)[] 
 []


Overfull \hbox (2.93842pt too wide) in paragraph at lines 605--605
[]   \T1/cmtt/m/n/12 add constraint FK_CONNECTI_LINKS_CHATROOM foreign key (CHA
TID)[] 
 []

[32

]
Overfull \hbox (39.97937pt too wide) in paragraph at lines 641--641
[]    \T1/cmtt/m/n/12 sum := sum / (select count(*) from vote where chatid = NE
W.CHATID);[] 
 []


Overfull \hbox (52.32635pt too wide) in paragraph at lines 642--642
[]    \T1/cmtt/m/n/12 update chatroom set rating = round(sum, 0) where chatid =
 NEW.CHATID;[] 
 []

[33

] (./report.aux) ) 
Here is how much of TeX's memory you used:
 6118 strings out of 495061
 86309 string characters out of 1182620
 161022 words of memory out of 3000000
 9127 multiletter control sequences out of 15000+50000
 14079 words of font info for 36 fonts, out of 3000000 for 9000
 28 hyphenation exceptions out of 8191
 38i,12n,36p,572b,357s stack positions out of 5000i,500n,10000p,200000b,50000s
 </home/joao/.texmf-var/fonts/pk/ljfour/jknappen/ec/ectt1200.
600pk> </home/joao/.texmf-var/fonts/pk/ljfour/jknappen/ec/ecbx1440.600pk> </hom
e/joao/.texmf-var/fonts/pk/ljfour/jknappen/ec/ecrm0800.600pk> </home/joao/.texm
f-var/fonts/pk/ljfour/jknappen/ec/ecbx1200.600pk> </home/joao/.texmf-var/fonts/
pk/ljfour/jknappen/ec/ecbx1728.600pk> </home/joao/.texmf-var/fonts/pk/ljfour/jk
nappen/ec/ecrm1200.600pk> </home/joao/.texmf-var/fonts/pk/ljfour/jknappen/ec/ec
tt1440.600pk> </home/joao/.texmf-var/fonts/pk/ljfour/jknappen/ec/ecrm1440.600pk
> </home/joao/.texmf-var/fonts/pk/ljfour/jknappen/ec/ecrm2074.600pk></usr/share
/texmf-texlive/fonts/type1/public/amsfonts/cm/cmsy10.pfb>
Output written on report.pdf (33 pages, 527042 bytes).
PDF statistics:
 786 PDF objects out of 1000 (max. 8388607)
 76 named destinations out of 1000 (max. 500000)
 325 words of extra memory for PDF output out of 10000 (max. 10000000)

