\BOOKMARK [1][-]{section.1}{Introdu\347\343o}{}
\BOOKMARK [1][-]{section.2}{Apresenta\347\343o}{}
\BOOKMARK [2][-]{subsection.2.1}{Wall}{section.2}
\BOOKMARK [2][-]{subsection.2.2}{Perfil}{section.2}
\BOOKMARK [2][-]{subsection.2.3}{Mensagens Privadas}{section.2}
\BOOKMARK [2][-]{subsection.2.4}{Chatrooms}{section.2}
\BOOKMARK [2][-]{subsection.2.5}{Facebook}{section.2}
\BOOKMARK [1][-]{section.3}{Funcionalidades}{}
\BOOKMARK [2][-]{subsection.3.1}{Perfil}{section.3}
\BOOKMARK [2][-]{subsection.3.2}{Mensagens Privadas}{section.3}
\BOOKMARK [2][-]{subsection.3.3}{Chatrooms}{section.3}
\BOOKMARK [2][-]{subsection.3.4}{Extra}{section.3}
\BOOKMARK [1][-]{section.4}{Modelo ER}{}
\BOOKMARK [1][-]{section.5}{Scripts SQL}{}
\BOOKMARK [2][-]{subsection.5.1}{Create Tables}{section.5}
\BOOKMARK [2][-]{subsection.5.2}{PL PG SQL}{section.5}
\BOOKMARK [1][-]{section.6}{Seguran\347a e Integridade}{}
\BOOKMARK [2][-]{subsection.6.1}{Concorr\352ncia}{section.6}
\BOOKMARK [2][-]{subsection.6.2}{Transac\347\365es}{section.6}
\BOOKMARK [2][-]{subsection.6.3}{Seguran\347a}{section.6}
\BOOKMARK [1][-]{section.7}{Gest\343o do Espa\347o}{}
\BOOKMARK [2][-]{subsection.7.1}{PCT Free e PCT Used}{section.7}
\BOOKMARK [3][-]{subsubsection.7.1.1}{Modifica\347\365es nas Tabelas}{subsection.7.1}
\BOOKMARK [3][-]{subsubsection.7.1.2}{Attach}{subsection.7.1}
\BOOKMARK [3][-]{subsubsection.7.1.3}{Comment}{subsection.7.1}
\BOOKMARK [3][-]{subsubsection.7.1.4}{Chatroom}{subsection.7.1}
\BOOKMARK [3][-]{subsubsection.7.1.5}{Connection}{subsection.7.1}
\BOOKMARK [3][-]{subsubsection.7.1.6}{Message}{subsection.7.1}
\BOOKMARK [3][-]{subsubsection.7.1.7}{Users}{subsection.7.1}
\BOOKMARK [3][-]{subsubsection.7.1.8}{Vote}{subsection.7.1}
\BOOKMARK [1][-]{section.8}{Ind\355ces}{}
\BOOKMARK [1][-]{section.9}{Integra\347\343o com SGBD}{}
\BOOKMARK [1][-]{section.10}{Testes}{}
\BOOKMARK [1][-]{section.11}{Gest\343o do Projecto}{}
\BOOKMARK [1][-]{section.12}{Conclus\343o}{}
\BOOKMARK [1][-]{section.13}{Anexos}{}
\BOOKMARK [2][-]{subsection.13.1}{Cria\347\343o das Tabelas}{section.13}
\BOOKMARK [2][-]{subsection.13.2}{Trigger e Function}{section.13}
